  main.cpp
  Создание кода
LINK : fatal error C1001: Внутренняя ошибка в файле компилятора.
  (файл компилятора "f:\dd\vctools\compiler\utc\src\p2\main.c", строка 258)
   Чтобы обойти эту неполадку, попытайтесь упростить или изменить программу в строках около указанной позиции.
  Для получения дополнительных сведений выберите команду "Техническая поддержка" 
  в меню "Справка" Visual C++ или откройте файл справки технической поддержки.
    link!InvokeCompilerPass()+0x1ee62
    link!InvokeCompilerPass()+0x1ee62
    link!InvokeCompilerPass()+0x1e87c
    link!DllGetC2Telemetry()+0xbbcc2
  
LINK : fatal error C1001: Внутренняя ошибка в файле компилятора.
  (файл компилятора "f:\dd\vctools\compiler\utc\src\p2\main.c", строка 258)
   Чтобы обойти эту неполадку, попытайтесь упростить или изменить программу в строках около указанной позиции.
  Для получения дополнительных сведений выберите команду "Техническая поддержка" 
  в меню "Справка" Visual C++ или откройте файл справки технической поддержки.
    link!InvokeCompilerPass()+0x1ee62
    link!InvokeCompilerPass()+0x1e87c
    link!DllGetC2Telemetry()+0xbbcc2
  
  
LINK : fatal error LNK1000: Internal error during IMAGE::BuildImage
  
    Version 14.12.25830.2
  
    ExceptionCode            = C0000005
    ExceptionFlags           = 00000000
    ExceptionAddress         = 54C2E2C1 (54800000) "C:\Program Files (x86)\Microsoft Visual Studio\2017\Enterprise\VC\Tools\MSVC\14.12.25827\bin\HostX86\x86\c2.dll"
    NumberParameters         = 00000002
    ExceptionInformation[ 0] = 00000000
    ExceptionInformation[ 1] = 0AFB91DC
  
  CONTEXT:
    Eax    = 0AFB91DC  Esp    = 003BE4B8
    Ebx    = 00F50163  Ebp    = 003BE4E8
    Ecx    = 00000005  Esi    = 0AFB91DC
    Edx    = 0823B02C  Edi    = 003BE4C8
    Eip    = 54C2E2C1  EFlags = 00010202
    SegCs  = 00000023  SegDs  = 0000002B
    SegSs  = 0000002B  SegEs  = 0000002B
    SegFs  = 00000053  SegGs  = 0000002B
    Dr0    = 00000000  Dr3    = 00000000
    Dr1    = 00000000  Dr6    = 00000000
    Dr2    = 00000000  Dr7    = 00000000
